2023-05-12T09:36:46.1401860+07:00  [INF] Starting Duende IdentityServer version "6.2.1+bda14c367eb8a85f3dae614fa0ac1005bb13dfdc" (".NET 7.0.2") (ae753c2a)
2023-05-12T09:36:46.4833037+07:00  [WRN] You do not have a valid license key for the Duende software. This is allowed for development and testing scenarios. If you are running in production you are required to have a licensed version. Please start a conversation with us: https://duendesoftware.com/contact (c0bcb7a8)
2023-05-12T09:36:46.4877378+07:00  [INF] You are using the in-memory version of the persisted grant store. This will store consent decisions, authorization codes, refresh and reference tokens in memory only. If you are using any of those features in production, you want to switch to a different store implementation. (553c312b)
2023-05-12T09:36:46.4930414+07:00  [INF] Using the default authentication scheme "Bearer" for IdentityServer (4a54f457)
2023-05-12T09:36:46.4940552+07:00  [INF] Authentication scheme "Bearer" is configured for IdentityServer, but it is not a scheme that supports signin (like cookies). If you support interactive logins via the browser, then a cookie-based scheme should be used. (70b7fc41)
2023-05-12T09:36:47.1228700+07:00  [INF] Now listening on: "https://localhost:44350" (d826f4b8)
2023-05-12T09:36:47.1246416+07:00  [INF] Now listening on: "http://localhost:5050" (d826f4b8)
2023-05-12T09:36:47.1261896+07:00  [INF] Application started. Press Ctrl+C to shut down. (dcaefe54)
2023-05-12T09:36:47.1273739+07:00  [INF] Hosting environment: "Development" (bc5a1a4e)
2023-05-12T09:36:47.1286043+07:00  [INF] Content root path: "D:\ProjectReact\CSB_NUMBER_TWO\React_CanhSatBien\QuickApp" (cc26f24e)
2023-05-12T09:36:52.2846645+07:00 0HMQII6TNJMID:00000001 [INF] No SPA development server running at https://localhost:44450 found. (faa82a70)
2023-05-12T09:36:52.4581590+07:00 0HMQII6TNJMID:00000001 [INF] SPA proxy is not ready. Returning temporary landing page. (72ef90a5)
2023-05-12T09:36:58.0311301+07:00 0HMQII6TNJMID:00000001 [INF] SPA development server running at 'https://localhost:44450' (88247629)
2023-05-12T09:36:58.0324618+07:00 0HMQII6TNJMID:00000005 [INF] SPA proxy is ready. Redirecting to https://localhost:44450. (8ea0a81a)
2023-05-12T11:14:12.3562829+07:00  [INF] Starting Duende IdentityServer version "6.2.1+bda14c367eb8a85f3dae614fa0ac1005bb13dfdc" (".NET 7.0.2") (ae753c2a)
2023-05-12T11:14:12.4842349+07:00  [WRN] You do not have a valid license key for the Duende software. This is allowed for development and testing scenarios. If you are running in production you are required to have a licensed version. Please start a conversation with us: https://duendesoftware.com/contact (c0bcb7a8)
2023-05-12T11:14:12.4915524+07:00  [INF] You are using the in-memory version of the persisted grant store. This will store consent decisions, authorization codes, refresh and reference tokens in memory only. If you are using any of those features in production, you want to switch to a different store implementation. (553c312b)
2023-05-12T11:14:12.4986475+07:00  [INF] Using the default authentication scheme "Bearer" for IdentityServer (4a54f457)
2023-05-12T11:14:12.4999763+07:00  [INF] Authentication scheme "Bearer" is configured for IdentityServer, but it is not a scheme that supports signin (like cookies). If you support interactive logins via the browser, then a cookie-based scheme should be used. (70b7fc41)
2023-05-12T11:14:12.7959340+07:00  [INF] Now listening on: "https://localhost:44350" (d826f4b8)
2023-05-12T11:14:12.7975126+07:00  [INF] Now listening on: "http://localhost:5050" (d826f4b8)
2023-05-12T11:14:12.7991996+07:00  [INF] Application started. Press Ctrl+C to shut down. (dcaefe54)
2023-05-12T11:14:12.8004216+07:00  [INF] Hosting environment: "Development" (bc5a1a4e)
2023-05-12T11:14:12.8018058+07:00  [INF] Content root path: "D:\ProjectReact\CSB_NUMBER_TWO\React_CanhSatBien\QuickApp" (cc26f24e)
2023-05-12T11:14:17.7726038+07:00 0HMQIJTBTEGOH:00000001 [INF] No SPA development server running at https://localhost:44450 found. (faa82a70)
2023-05-12T11:14:17.9235297+07:00 0HMQIJTBTEGOH:00000001 [INF] SPA proxy is not ready. Returning temporary landing page. (72ef90a5)
2023-05-12T11:14:20.4859268+07:00 0HMQIJTBTEGOH:00000001 [INF] SPA development server running at 'https://localhost:44450' (88247629)
2023-05-12T11:14:21.5499909+07:00 0HMQIJTBTEGOH:00000003 [INF] SPA proxy is ready. Redirecting to https://localhost:44450. (8ea0a81a)
2023-05-12T11:16:49.1824855+07:00  [INF] Starting Duende IdentityServer version "6.2.1+bda14c367eb8a85f3dae614fa0ac1005bb13dfdc" (".NET 7.0.2") (ae753c2a)
2023-05-12T11:16:49.2610641+07:00  [WRN] You do not have a valid license key for the Duende software. This is allowed for development and testing scenarios. If you are running in production you are required to have a licensed version. Please start a conversation with us: https://duendesoftware.com/contact (c0bcb7a8)
2023-05-12T11:16:49.2657263+07:00  [INF] You are using the in-memory version of the persisted grant store. This will store consent decisions, authorization codes, refresh and reference tokens in memory only. If you are using any of those features in production, you want to switch to a different store implementation. (553c312b)
2023-05-12T11:16:49.2737919+07:00  [INF] Using the default authentication scheme "Bearer" for IdentityServer (4a54f457)
2023-05-12T11:16:49.2754221+07:00  [INF] Authentication scheme "Bearer" is configured for IdentityServer, but it is not a scheme that supports signin (like cookies). If you support interactive logins via the browser, then a cookie-based scheme should be used. (70b7fc41)
2023-05-12T11:16:49.7315558+07:00  [INF] Now listening on: "https://localhost:44350" (d826f4b8)
2023-05-12T11:16:49.7325502+07:00  [INF] Now listening on: "http://localhost:5050" (d826f4b8)
2023-05-12T11:16:49.7338555+07:00  [INF] Application started. Press Ctrl+C to shut down. (dcaefe54)
2023-05-12T11:16:49.7349419+07:00  [INF] Hosting environment: "Development" (bc5a1a4e)
2023-05-12T11:16:49.7360688+07:00  [INF] Content root path: "D:\ProjectReact\CSB_NUMBER_TWO\React_CanhSatBien\QuickApp" (cc26f24e)
2023-05-12T11:16:54.7567328+07:00 0HMQIJUQLV19I:00000001 [INF] No SPA development server running at https://localhost:44450 found. (faa82a70)
2023-05-12T11:16:54.9730490+07:00 0HMQIJUQLV19I:00000001 [INF] SPA proxy is not ready. Returning temporary landing page. (72ef90a5)
2023-05-12T11:16:58.1914214+07:00 0HMQIJUQLV19I:00000003 [INF] SPA proxy is ready. Redirecting to https://localhost:44450. (8ea0a81a)
2023-05-12T11:17:00.0905045+07:00 0HMQIJUQLV19I:00000001 [INF] SPA development server running at 'https://localhost:44450' (88247629)
2023-05-12T13:42:08.7206240+07:00  [INF] Starting Duende IdentityServer version "6.2.1+bda14c367eb8a85f3dae614fa0ac1005bb13dfdc" (".NET 7.0.2") (ae753c2a)
2023-05-12T13:42:08.8075341+07:00  [WRN] You do not have a valid license key for the Duende software. This is allowed for development and testing scenarios. If you are running in production you are required to have a licensed version. Please start a conversation with us: https://duendesoftware.com/contact (c0bcb7a8)
2023-05-12T13:42:08.8133290+07:00  [INF] You are using the in-memory version of the persisted grant store. This will store consent decisions, authorization codes, refresh and reference tokens in memory only. If you are using any of those features in production, you want to switch to a different store implementation. (553c312b)
2023-05-12T13:42:08.8201666+07:00  [INF] Using the default authentication scheme "Bearer" for IdentityServer (4a54f457)
2023-05-12T13:42:08.8215625+07:00  [INF] Authentication scheme "Bearer" is configured for IdentityServer, but it is not a scheme that supports signin (like cookies). If you support interactive logins via the browser, then a cookie-based scheme should be used. (70b7fc41)
2023-05-12T13:42:09.1791259+07:00  [INF] Now listening on: "https://localhost:44350" (d826f4b8)
2023-05-12T13:42:09.1812059+07:00  [INF] Now listening on: "http://localhost:5050" (d826f4b8)
2023-05-12T13:42:09.1831596+07:00  [INF] Application started. Press Ctrl+C to shut down. (dcaefe54)
2023-05-12T13:42:09.1851779+07:00  [INF] Hosting environment: "Development" (bc5a1a4e)
2023-05-12T13:42:09.1869452+07:00  [INF] Content root path: "D:\ProjectReact\CSB_NUMBER_TWO\React_CanhSatBien\QuickApp" (cc26f24e)
2023-05-12T13:42:14.7528278+07:00 0HMQIMG1AVN8C:00000001 [INF] No SPA development server running at https://localhost:44450 found. (faa82a70)
2023-05-12T13:42:14.9993274+07:00 0HMQIMG1AVN8C:00000001 [INF] SPA proxy is not ready. Returning temporary landing page. (72ef90a5)
2023-05-12T13:42:20.5058334+07:00 0HMQIMG1AVN8C:00000003 [INF] SPA proxy is ready. Redirecting to https://localhost:44450. (8ea0a81a)
2023-05-12T13:42:20.5064238+07:00 0HMQIMG1AVN8C:00000001 [INF] SPA development server running at 'https://localhost:44450' (88247629)
2023-05-12T13:43:48.0711741+07:00  [INF] Starting Duende IdentityServer version "6.2.1+bda14c367eb8a85f3dae614fa0ac1005bb13dfdc" (".NET 7.0.2") (ae753c2a)
2023-05-12T13:43:48.1581438+07:00  [WRN] You do not have a valid license key for the Duende software. This is allowed for development and testing scenarios. If you are running in production you are required to have a licensed version. Please start a conversation with us: https://duendesoftware.com/contact (c0bcb7a8)
2023-05-12T13:43:48.1625693+07:00  [INF] You are using the in-memory version of the persisted grant store. This will store consent decisions, authorization codes, refresh and reference tokens in memory only. If you are using any of those features in production, you want to switch to a different store implementation. (553c312b)
2023-05-12T13:43:48.1685591+07:00  [INF] Using the default authentication scheme "Bearer" for IdentityServer (4a54f457)
2023-05-12T13:43:48.1706483+07:00  [INF] Authentication scheme "Bearer" is configured for IdentityServer, but it is not a scheme that supports signin (like cookies). If you support interactive logins via the browser, then a cookie-based scheme should be used. (70b7fc41)
2023-05-12T13:43:48.5478712+07:00  [INF] Now listening on: "https://localhost:44350" (d826f4b8)
2023-05-12T13:43:48.5495094+07:00  [INF] Now listening on: "http://localhost:5050" (d826f4b8)
2023-05-12T13:43:48.5510280+07:00  [INF] Application started. Press Ctrl+C to shut down. (dcaefe54)
2023-05-12T13:43:48.5525044+07:00  [INF] Hosting environment: "Development" (bc5a1a4e)
2023-05-12T13:43:48.5540827+07:00  [INF] Content root path: "D:\ProjectReact\CSB_NUMBER_TWO\React_CanhSatBien\QuickApp" (cc26f24e)
2023-05-12T13:43:53.3985781+07:00 0HMQIMGUREDMF:00000001 [INF] No SPA development server running at https://localhost:44450 found. (faa82a70)
2023-05-12T13:43:53.5629063+07:00 0HMQIMGUREDMF:00000001 [INF] SPA proxy is not ready. Returning temporary landing page. (72ef90a5)
2023-05-12T13:44:00.7787090+07:00 0HMQIMGUREDMF:00000003 [INF] SPA proxy is not ready. Returning temporary landing page. (72ef90a5)
2023-05-12T13:44:07.9149591+07:00 0HMQIMGUREDMF:00000005 [INF] SPA proxy is not ready. Returning temporary landing page. (72ef90a5)
2023-05-12T13:44:15.1075510+07:00 0HMQIMGUREDMF:00000007 [INF] SPA proxy is not ready. Returning temporary landing page. (72ef90a5)
2023-05-12T13:44:22.2585004+07:00 0HMQIMGUREDMF:00000009 [INF] SPA proxy is not ready. Returning temporary landing page. (72ef90a5)
2023-05-12T13:44:29.4626692+07:00 0HMQIMGUREDMF:0000000B [INF] SPA proxy is not ready. Returning temporary landing page. (72ef90a5)
2023-05-12T13:44:36.6452859+07:00 0HMQIMGUREDMF:0000000D [INF] SPA proxy is not ready. Returning temporary landing page. (72ef90a5)
2023-05-12T13:44:43.8855097+07:00 0HMQIMGUREDMF:0000000F [INF] SPA proxy is not ready. Returning temporary landing page. (72ef90a5)
2023-05-12T13:44:51.1038615+07:00 0HMQIMGUREDMF:00000011 [INF] SPA proxy is not ready. Returning temporary landing page. (72ef90a5)
2023-05-12T13:44:58.2676067+07:00 0HMQIMGUREDMF:00000013 [INF] SPA proxy is not ready. Returning temporary landing page. (72ef90a5)
2023-05-12T13:45:05.4596597+07:00 0HMQIMGUREDMF:00000015 [INF] SPA proxy is not ready. Returning temporary landing page. (72ef90a5)
2023-05-12T13:45:12.6102070+07:00 0HMQIMGUREDMF:00000017 [INF] SPA proxy is not ready. Returning temporary landing page. (72ef90a5)
2023-05-12T13:45:19.8096435+07:00 0HMQIMGUREDMF:00000019 [INF] SPA proxy is not ready. Returning temporary landing page. (72ef90a5)
2023-05-12T13:45:26.9975610+07:00 0HMQIMGUREDMF:0000001B [INF] SPA proxy is not ready. Returning temporary landing page. (72ef90a5)
2023-05-12T13:45:34.1642547+07:00 0HMQIMGUREDMF:0000001D [INF] SPA proxy is not ready. Returning temporary landing page. (72ef90a5)
2023-05-12T13:45:41.3772806+07:00 0HMQIMGUREDMF:0000001F [INF] SPA proxy is not ready. Returning temporary landing page. (72ef90a5)
2023-05-12T13:45:48.6072331+07:00 0HMQIMGUREDMF:00000021 [INF] SPA proxy is not ready. Returning temporary landing page. (72ef90a5)
2023-05-12T13:45:55.8218426+07:00 0HMQIMGUREDMF:00000023 [INF] SPA proxy is not ready. Returning temporary landing page. (72ef90a5)
2023-05-12T13:45:56.8813531+07:00 0HMQIMGUREDMF:00000001 [ERR] Unable to connect to the SPA development server at 'https://localhost:44450'. (b1de8e6d)
2023-05-12T13:46:03.0139783+07:00 0HMQIMGUREDMF:00000025 [INF] No SPA development server running at https://localhost:44450 found. (faa82a70)
2023-05-12T13:46:03.0873211+07:00 0HMQIMGUREDMF:00000025 [INF] SPA proxy is not ready. Returning temporary landing page. (72ef90a5)
2023-05-12T13:46:06.4241753+07:00 0HMQIMGUREDMF:00000027 [INF] SPA proxy is ready. Redirecting to https://localhost:44450. (8ea0a81a)
2023-05-12T13:46:08.2521818+07:00 0HMQIMGUREDMF:00000025 [INF] SPA development server running at 'https://localhost:44450' (88247629)
2023-05-12T18:47:36.3475887+07:00  [INF] Starting Duende IdentityServer version "6.2.1+bda14c367eb8a85f3dae614fa0ac1005bb13dfdc" (".NET 7.0.5") (ae753c2a)
2023-05-12T18:47:36.7769748+07:00  [WRN] You do not have a valid license key for the Duende software. This is allowed for development and testing scenarios. If you are running in production you are required to have a licensed version. Please start a conversation with us: https://duendesoftware.com/contact (c0bcb7a8)
2023-05-12T18:47:36.7820455+07:00  [INF] You are using the in-memory version of the persisted grant store. This will store consent decisions, authorization codes, refresh and reference tokens in memory only. If you are using any of those features in production, you want to switch to a different store implementation. (553c312b)
2023-05-12T18:47:36.7880282+07:00  [INF] Using the default authentication scheme "Bearer" for IdentityServer (4a54f457)
2023-05-12T18:47:36.7895809+07:00  [INF] Authentication scheme "Bearer" is configured for IdentityServer, but it is not a scheme that supports signin (like cookies). If you support interactive logins via the browser, then a cookie-based scheme should be used. (70b7fc41)
2023-05-12T18:47:37.2190755+07:00  [INF] Now listening on: "https://localhost:44350" (d826f4b8)
2023-05-12T18:47:37.2209708+07:00  [INF] Now listening on: "http://localhost:5050" (d826f4b8)
2023-05-12T18:47:37.2231413+07:00  [INF] Application started. Press Ctrl+C to shut down. (dcaefe54)
2023-05-12T18:47:37.2249872+07:00  [INF] Hosting environment: "Development" (bc5a1a4e)
2023-05-12T18:47:37.2272085+07:00  [INF] Content root path: "D:\ProjectReact\CSB_NUMBER_TWO\React_CanhSatBien\QuickApp" (cc26f24e)
2023-05-12T18:47:42.1556152+07:00 0HMQIRQNDCAU1:00000001 [INF] No SPA development server running at https://localhost:44450 found. (faa82a70)
2023-05-12T18:47:42.3723625+07:00 0HMQIRQNDCAU1:00000001 [INF] SPA proxy is not ready. Returning temporary landing page. (72ef90a5)
2023-05-12T18:47:45.9244143+07:00 0HMQIRQNDCAU1:00000005 [INF] SPA proxy is ready. Redirecting to https://localhost:44450. (8ea0a81a)
2023-05-12T18:47:47.7168301+07:00 0HMQIRQNDCAU1:00000001 [INF] SPA development server running at 'https://localhost:44450' (88247629)
2023-05-12T19:18:30.3394660+07:00  [INF] Starting Duende IdentityServer version "6.2.1+bda14c367eb8a85f3dae614fa0ac1005bb13dfdc" (".NET 7.0.5") (ae753c2a)
2023-05-12T19:18:30.4241849+07:00  [WRN] You do not have a valid license key for the Duende software. This is allowed for development and testing scenarios. If you are running in production you are required to have a licensed version. Please start a conversation with us: https://duendesoftware.com/contact (c0bcb7a8)
2023-05-12T19:18:30.4312180+07:00  [INF] You are using the in-memory version of the persisted grant store. This will store consent decisions, authorization codes, refresh and reference tokens in memory only. If you are using any of those features in production, you want to switch to a different store implementation. (553c312b)
2023-05-12T19:18:30.4421460+07:00  [INF] Using the default authentication scheme "Bearer" for IdentityServer (4a54f457)
2023-05-12T19:18:30.4441264+07:00  [INF] Authentication scheme "Bearer" is configured for IdentityServer, but it is not a scheme that supports signin (like cookies). If you support interactive logins via the browser, then a cookie-based scheme should be used. (70b7fc41)
2023-05-12T19:18:30.8164468+07:00  [INF] Now listening on: "https://localhost:44350" (d826f4b8)
2023-05-12T19:18:30.8178993+07:00  [INF] Now listening on: "http://localhost:5050" (d826f4b8)
2023-05-12T19:18:30.8194693+07:00  [INF] Application started. Press Ctrl+C to shut down. (dcaefe54)
2023-05-12T19:18:30.8208243+07:00  [INF] Hosting environment: "Development" (bc5a1a4e)
2023-05-12T19:18:30.8219734+07:00  [INF] Content root path: "D:\ProjectReact\CSB_NUMBER_TWO\React_CanhSatBien\QuickApp" (cc26f24e)
2023-05-12T19:18:35.6773467+07:00 0HMQISBVQG8S4:00000001 [INF] No SPA development server running at https://localhost:44450 found. (faa82a70)
2023-05-12T19:18:35.8765149+07:00 0HMQISBVQG8S4:00000001 [INF] SPA proxy is not ready. Returning temporary landing page. (72ef90a5)
2023-05-12T19:18:39.1907573+07:00 0HMQISBVQG8S4:00000003 [INF] SPA proxy is ready. Redirecting to https://localhost:44450. (8ea0a81a)
2023-05-12T19:18:41.0445464+07:00 0HMQISBVQG8S4:00000001 [INF] SPA development server running at 'https://localhost:44450' (88247629)
