2023-05-11T08:10:41.0117211+07:00  [INF] Starting Duende IdentityServer version "6.2.1+bda14c367eb8a85f3dae614fa0ac1005bb13dfdc" (".NET 7.0.2") (ae753c2a)
2023-05-11T08:10:41.1293716+07:00  [WRN] You do not have a valid license key for the Duende software. This is allowed for development and testing scenarios. If you are running in production you are required to have a licensed version. Please start a conversation with us: https://duendesoftware.com/contact (c0bcb7a8)
2023-05-11T08:10:41.1352666+07:00  [INF] You are using the in-memory version of the persisted grant store. This will store consent decisions, authorization codes, refresh and reference tokens in memory only. If you are using any of those features in production, you want to switch to a different store implementation. (553c312b)
2023-05-11T08:10:41.1443575+07:00  [INF] Using the default authentication scheme "Bearer" for IdentityServer (4a54f457)
2023-05-11T08:10:41.1475645+07:00  [INF] Authentication scheme "Bearer" is configured for IdentityServer, but it is not a scheme that supports signin (like cookies). If you support interactive logins via the browser, then a cookie-based scheme should be used. (70b7fc41)
2023-05-11T08:10:41.5091914+07:00  [INF] Now listening on: "https://localhost:44350" (d826f4b8)
2023-05-11T08:10:41.5102177+07:00  [INF] Now listening on: "http://localhost:5050" (d826f4b8)
2023-05-11T08:10:41.5113717+07:00  [INF] Application started. Press Ctrl+C to shut down. (dcaefe54)
2023-05-11T08:10:41.5123415+07:00  [INF] Hosting environment: "Development" (bc5a1a4e)
2023-05-11T08:10:41.5132853+07:00  [INF] Content root path: "D:\ProjectReact\CSB_NUMBER_TWO\React_CanhSatBien\QuickApp" (cc26f24e)
2023-05-11T08:10:47.2674060+07:00 0HMQHNI52U74V:00000001 [INF] No SPA development server running at https://localhost:44450 found. (faa82a70)
2023-05-11T08:10:47.4414369+07:00 0HMQHNI52U74V:00000001 [INF] SPA proxy is not ready. Returning temporary landing page. (72ef90a5)
2023-05-11T08:10:51.7890959+07:00 0HMQHNI52U74V:00000005 [INF] SPA proxy is ready. Redirecting to https://localhost:44450. (8ea0a81a)
2023-05-11T08:10:52.9951223+07:00 0HMQHNI52U74V:00000001 [INF] SPA development server running at 'https://localhost:44450' (88247629)
2023-05-11T10:54:12.0220865+07:00  [INF] Starting Duende IdentityServer version "6.2.1+bda14c367eb8a85f3dae614fa0ac1005bb13dfdc" (".NET 7.0.2") (ae753c2a)
2023-05-11T10:54:12.3351864+07:00  [WRN] You do not have a valid license key for the Duende software. This is allowed for development and testing scenarios. If you are running in production you are required to have a licensed version. Please start a conversation with us: https://duendesoftware.com/contact (c0bcb7a8)
2023-05-11T10:54:12.3400734+07:00  [INF] You are using the in-memory version of the persisted grant store. This will store consent decisions, authorization codes, refresh and reference tokens in memory only. If you are using any of those features in production, you want to switch to a different store implementation. (553c312b)
2023-05-11T10:54:12.3459065+07:00  [INF] Using the default authentication scheme "Bearer" for IdentityServer (4a54f457)
2023-05-11T10:54:12.3472062+07:00  [INF] Authentication scheme "Bearer" is configured for IdentityServer, but it is not a scheme that supports signin (like cookies). If you support interactive logins via the browser, then a cookie-based scheme should be used. (70b7fc41)
2023-05-11T10:54:12.6689509+07:00  [INF] Now listening on: "https://localhost:44350" (d826f4b8)
2023-05-11T10:54:12.6702590+07:00  [INF] Now listening on: "http://localhost:5050" (d826f4b8)
2023-05-11T10:54:12.6715594+07:00  [INF] Application started. Press Ctrl+C to shut down. (dcaefe54)
2023-05-11T10:54:12.6726477+07:00  [INF] Hosting environment: "Development" (bc5a1a4e)
2023-05-11T10:54:12.6737581+07:00  [INF] Content root path: "D:\ProjectReact\CSB_NUMBER_TWO\React_CanhSatBien\QuickApp" (cc26f24e)
2023-05-11T10:54:17.5586315+07:00 0HMQHQDH15BCJ:00000001 [INF] No SPA development server running at https://localhost:44450 found. (faa82a70)
2023-05-11T10:54:17.6968573+07:00 0HMQHQDH15BCJ:00000001 [INF] SPA proxy is not ready. Returning temporary landing page. (72ef90a5)
2023-05-11T10:54:20.8913109+07:00 0HMQHQDH15BCJ:00000005 [INF] SPA proxy is ready. Redirecting to https://localhost:44450. (8ea0a81a)
2023-05-11T10:54:22.8295813+07:00 0HMQHQDH15BCJ:00000001 [INF] SPA development server running at 'https://localhost:44450' (88247629)
2023-05-11T15:01:28.3520252+07:00  [INF] Starting Duende IdentityServer version "6.2.1+bda14c367eb8a85f3dae614fa0ac1005bb13dfdc" (".NET 7.0.2") (ae753c2a)
2023-05-11T15:01:28.4245072+07:00  [WRN] You do not have a valid license key for the Duende software. This is allowed for development and testing scenarios. If you are running in production you are required to have a licensed version. Please start a conversation with us: https://duendesoftware.com/contact (c0bcb7a8)
2023-05-11T15:01:28.4286048+07:00  [INF] You are using the in-memory version of the persisted grant store. This will store consent decisions, authorization codes, refresh and reference tokens in memory only. If you are using any of those features in production, you want to switch to a different store implementation. (553c312b)
2023-05-11T15:01:28.4343191+07:00  [INF] Using the default authentication scheme "Bearer" for IdentityServer (4a54f457)
2023-05-11T15:01:28.4354803+07:00  [INF] Authentication scheme "Bearer" is configured for IdentityServer, but it is not a scheme that supports signin (like cookies). If you support interactive logins via the browser, then a cookie-based scheme should be used. (70b7fc41)
2023-05-11T15:01:28.8152475+07:00  [INF] Now listening on: "https://localhost:44350" (d826f4b8)
2023-05-11T15:01:28.8164390+07:00  [INF] Now listening on: "http://localhost:5050" (d826f4b8)
2023-05-11T15:01:28.8177274+07:00  [INF] Application started. Press Ctrl+C to shut down. (dcaefe54)
2023-05-11T15:01:28.8187786+07:00  [INF] Hosting environment: "Development" (bc5a1a4e)
2023-05-11T15:01:28.8197890+07:00  [INF] Content root path: "D:\ProjectReact\CSB_NUMBER_TWO\React_CanhSatBien\QuickApp" (cc26f24e)
2023-05-11T15:01:34.0973631+07:00 0HMQHUNMKELQV:00000001 [INF] No SPA development server running at https://localhost:44450 found. (faa82a70)
2023-05-11T15:01:34.2679873+07:00 0HMQHUNMKELQV:00000001 [INF] SPA proxy is not ready. Returning temporary landing page. (72ef90a5)
2023-05-11T15:01:38.7533999+07:00 0HMQHUNMKELQV:00000005 [INF] SPA proxy is ready. Redirecting to https://localhost:44450. (8ea0a81a)
2023-05-11T15:01:39.8363397+07:00 0HMQHUNMKELQV:00000001 [INF] SPA development server running at 'https://localhost:44450' (88247629)
2023-05-11T15:19:32.2553238+07:00  [INF] Starting Duende IdentityServer version "6.2.1+bda14c367eb8a85f3dae614fa0ac1005bb13dfdc" (".NET 7.0.2") (ae753c2a)
2023-05-11T15:19:32.3360280+07:00  [WRN] You do not have a valid license key for the Duende software. This is allowed for development and testing scenarios. If you are running in production you are required to have a licensed version. Please start a conversation with us: https://duendesoftware.com/contact (c0bcb7a8)
2023-05-11T15:19:32.3451940+07:00  [INF] You are using the in-memory version of the persisted grant store. This will store consent decisions, authorization codes, refresh and reference tokens in memory only. If you are using any of those features in production, you want to switch to a different store implementation. (553c312b)
2023-05-11T15:19:32.3547457+07:00  [INF] Using the default authentication scheme "Bearer" for IdentityServer (4a54f457)
2023-05-11T15:19:32.3569554+07:00  [INF] Authentication scheme "Bearer" is configured for IdentityServer, but it is not a scheme that supports signin (like cookies). If you support interactive logins via the browser, then a cookie-based scheme should be used. (70b7fc41)
2023-05-11T15:19:32.7367057+07:00  [INF] Now listening on: "https://localhost:44350" (d826f4b8)
2023-05-11T15:19:32.7380036+07:00  [INF] Now listening on: "http://localhost:5050" (d826f4b8)
2023-05-11T15:19:32.7395982+07:00  [INF] Application started. Press Ctrl+C to shut down. (dcaefe54)
2023-05-11T15:19:32.7408322+07:00  [INF] Hosting environment: "Development" (bc5a1a4e)
2023-05-11T15:19:32.7419823+07:00  [INF] Content root path: "D:\ProjectReact\CSB_NUMBER_TWO\React_CanhSatBien\QuickApp" (cc26f24e)
2023-05-11T15:19:37.7203730+07:00 0HMQHV1PJ0D39:00000001 [INF] No SPA development server running at https://localhost:44450 found. (faa82a70)
2023-05-11T15:19:37.9133874+07:00 0HMQHV1PJ0D39:00000001 [INF] SPA proxy is not ready. Returning temporary landing page. (72ef90a5)
2023-05-11T15:19:41.1422501+07:00 0HMQHV1PJ0D39:00000003 [INF] SPA proxy is ready. Redirecting to https://localhost:44450. (8ea0a81a)
2023-05-11T15:19:43.0476953+07:00 0HMQHV1PJ0D39:00000001 [INF] SPA development server running at 'https://localhost:44450' (88247629)
2023-05-11T16:08:47.9405125+07:00  [INF] Starting Duende IdentityServer version "6.2.1+bda14c367eb8a85f3dae614fa0ac1005bb13dfdc" (".NET 7.0.2") (ae753c2a)
2023-05-11T16:08:48.0492904+07:00  [WRN] You do not have a valid license key for the Duende software. This is allowed for development and testing scenarios. If you are running in production you are required to have a licensed version. Please start a conversation with us: https://duendesoftware.com/contact (c0bcb7a8)
2023-05-11T16:08:48.0568147+07:00  [INF] You are using the in-memory version of the persisted grant store. This will store consent decisions, authorization codes, refresh and reference tokens in memory only. If you are using any of those features in production, you want to switch to a different store implementation. (553c312b)
2023-05-11T16:08:48.0673373+07:00  [INF] Using the default authentication scheme "Bearer" for IdentityServer (4a54f457)
2023-05-11T16:08:48.0688293+07:00  [INF] Authentication scheme "Bearer" is configured for IdentityServer, but it is not a scheme that supports signin (like cookies). If you support interactive logins via the browser, then a cookie-based scheme should be used. (70b7fc41)
2023-05-11T16:08:48.3996995+07:00  [INF] Now listening on: "https://localhost:44350" (d826f4b8)
2023-05-11T16:08:48.4012194+07:00  [INF] Now listening on: "http://localhost:5050" (d826f4b8)
2023-05-11T16:08:48.4025760+07:00  [INF] Application started. Press Ctrl+C to shut down. (dcaefe54)
2023-05-11T16:08:48.4038098+07:00  [INF] Hosting environment: "Development" (bc5a1a4e)
2023-05-11T16:08:48.4051995+07:00  [INF] Content root path: "D:\ProjectReact\CSB_NUMBER_TWO\React_CanhSatBien\QuickApp" (cc26f24e)
2023-05-11T16:08:53.5583677+07:00 0HMQHVTAGH30B:00000001 [INF] No SPA development server running at https://localhost:44450 found. (faa82a70)
2023-05-11T16:08:53.7324970+07:00 0HMQHVTAGH30B:00000001 [INF] SPA proxy is not ready. Returning temporary landing page. (72ef90a5)
2023-05-11T16:08:56.9660176+07:00 0HMQHVTAGH30B:00000003 [INF] SPA proxy is ready. Redirecting to https://localhost:44450. (8ea0a81a)
2023-05-11T16:08:58.9077684+07:00 0HMQHVTAGH30B:00000001 [INF] SPA development server running at 'https://localhost:44450' (88247629)
2023-05-11T16:16:55.8582194+07:00  [INF] Starting Duende IdentityServer version "6.2.1+bda14c367eb8a85f3dae614fa0ac1005bb13dfdc" (".NET 7.0.2") (ae753c2a)
2023-05-11T16:16:55.9294801+07:00  [WRN] You do not have a valid license key for the Duende software. This is allowed for development and testing scenarios. If you are running in production you are required to have a licensed version. Please start a conversation with us: https://duendesoftware.com/contact (c0bcb7a8)
2023-05-11T16:16:55.9339352+07:00  [INF] You are using the in-memory version of the persisted grant store. This will store consent decisions, authorization codes, refresh and reference tokens in memory only. If you are using any of those features in production, you want to switch to a different store implementation. (553c312b)
2023-05-11T16:16:55.9397742+07:00  [INF] Using the default authentication scheme "Bearer" for IdentityServer (4a54f457)
2023-05-11T16:16:55.9411171+07:00  [INF] Authentication scheme "Bearer" is configured for IdentityServer, but it is not a scheme that supports signin (like cookies). If you support interactive logins via the browser, then a cookie-based scheme should be used. (70b7fc41)
2023-05-11T16:16:56.2510944+07:00  [INF] Now listening on: "https://localhost:44350" (d826f4b8)
2023-05-11T16:16:56.2527413+07:00  [INF] Now listening on: "http://localhost:5050" (d826f4b8)
2023-05-11T16:16:56.2543077+07:00  [INF] Application started. Press Ctrl+C to shut down. (dcaefe54)
2023-05-11T16:16:56.2558320+07:00  [INF] Hosting environment: "Development" (bc5a1a4e)
2023-05-11T16:16:56.2569824+07:00  [INF] Content root path: "D:\ProjectReact\CSB_NUMBER_TWO\React_CanhSatBien\QuickApp" (cc26f24e)
2023-05-11T16:17:01.1862187+07:00 0HMQI01RQ4FJV:00000001 [INF] No SPA development server running at https://localhost:44450 found. (faa82a70)
2023-05-11T16:17:01.3734374+07:00 0HMQI01RQ4FJV:00000001 [INF] SPA proxy is not ready. Returning temporary landing page. (72ef90a5)
2023-05-11T16:20:40.5437967+07:00  [INF] Starting Duende IdentityServer version "6.2.1+bda14c367eb8a85f3dae614fa0ac1005bb13dfdc" (".NET 7.0.2") (ae753c2a)
2023-05-11T16:20:40.9444202+07:00  [WRN] You do not have a valid license key for the Duende software. This is allowed for development and testing scenarios. If you are running in production you are required to have a licensed version. Please start a conversation with us: https://duendesoftware.com/contact (c0bcb7a8)
2023-05-11T16:20:40.9521226+07:00  [INF] You are using the in-memory version of the persisted grant store. This will store consent decisions, authorization codes, refresh and reference tokens in memory only. If you are using any of those features in production, you want to switch to a different store implementation. (553c312b)
2023-05-11T16:20:40.9613364+07:00  [INF] Using the default authentication scheme "Bearer" for IdentityServer (4a54f457)
2023-05-11T16:20:40.9629981+07:00  [INF] Authentication scheme "Bearer" is configured for IdentityServer, but it is not a scheme that supports signin (like cookies). If you support interactive logins via the browser, then a cookie-based scheme should be used. (70b7fc41)
2023-05-11T16:20:41.3069277+07:00  [INF] Now listening on: "https://localhost:44350" (d826f4b8)
2023-05-11T16:20:41.3080460+07:00  [INF] Now listening on: "http://localhost:5050" (d826f4b8)
2023-05-11T16:20:41.3093091+07:00  [INF] Application started. Press Ctrl+C to shut down. (dcaefe54)
2023-05-11T16:20:41.3103060+07:00  [INF] Hosting environment: "Development" (bc5a1a4e)
2023-05-11T16:20:41.3113369+07:00  [INF] Content root path: "D:\ProjectReact\CSB_NUMBER_TWO\React_CanhSatBien\QuickApp" (cc26f24e)
2023-05-11T16:20:46.4800572+07:00 0HMQI03UU57KS:00000001 [INF] No SPA development server running at https://localhost:44450 found. (faa82a70)
2023-05-11T16:20:46.6720860+07:00 0HMQI03UU57KS:00000001 [INF] SPA proxy is not ready. Returning temporary landing page. (72ef90a5)
2023-05-11T16:20:49.9685174+07:00 0HMQI03UU57KS:00000003 [INF] SPA proxy is ready. Redirecting to https://localhost:44450. (8ea0a81a)
2023-05-11T16:20:51.8967828+07:00 0HMQI03UU57KS:00000001 [INF] SPA development server running at 'https://localhost:44450' (88247629)
2023-05-11T16:24:43.2747181+07:00  [INF] Starting Duende IdentityServer version "6.2.1+bda14c367eb8a85f3dae614fa0ac1005bb13dfdc" (".NET 7.0.2") (ae753c2a)
2023-05-11T16:24:43.3575356+07:00  [WRN] You do not have a valid license key for the Duende software. This is allowed for development and testing scenarios. If you are running in production you are required to have a licensed version. Please start a conversation with us: https://duendesoftware.com/contact (c0bcb7a8)
2023-05-11T16:24:43.3647337+07:00  [INF] You are using the in-memory version of the persisted grant store. This will store consent decisions, authorization codes, refresh and reference tokens in memory only. If you are using any of those features in production, you want to switch to a different store implementation. (553c312b)
2023-05-11T16:24:43.3731961+07:00  [INF] Using the default authentication scheme "Bearer" for IdentityServer (4a54f457)
2023-05-11T16:24:43.3746422+07:00  [INF] Authentication scheme "Bearer" is configured for IdentityServer, but it is not a scheme that supports signin (like cookies). If you support interactive logins via the browser, then a cookie-based scheme should be used. (70b7fc41)
2023-05-11T16:24:43.8974591+07:00  [INF] Now listening on: "https://localhost:44350" (d826f4b8)
2023-05-11T16:24:43.8988867+07:00  [INF] Now listening on: "http://localhost:5050" (d826f4b8)
2023-05-11T16:24:43.9003144+07:00  [INF] Application started. Press Ctrl+C to shut down. (dcaefe54)
2023-05-11T16:24:43.9016657+07:00  [INF] Hosting environment: "Development" (bc5a1a4e)
2023-05-11T16:24:43.9030352+07:00  [INF] Content root path: "D:\ProjectReact\CSB_NUMBER_TWO\React_CanhSatBien\QuickApp" (cc26f24e)
2023-05-11T16:24:48.8810252+07:00 0HMQI0676U1QN:00000001 [INF] No SPA development server running at https://localhost:44450 found. (faa82a70)
2023-05-11T16:24:49.0507529+07:00 0HMQI0676U1QN:00000001 [INF] SPA proxy is not ready. Returning temporary landing page. (72ef90a5)
2023-05-11T16:24:49.6223673+07:00 0HMQI0676U1QP:00000001 [ERR] An error occurred using the connection to database '"CMS_CoastGuard"' on server '"ADMIN\SQL"'. (5fc3407c)
2023-05-11T16:24:49.6643236+07:00 0HMQI0676U1QP:00000001 [ERR] An exception occurred while iterating over the results of a query for context type '"DAL.ApplicationDbContext"'."
""Microsoft.Data.SqlClient.SqlException (0x80131904): A connection was successfully established with the server, but then an error occurred during the login process. (provider: SSL Provider, error: 0 - The certificate chain was issued by an authority that is not trusted.)
 ---> System.ComponentModel.Win32Exception (0x80090325): The certificate chain was issued by an authority that is not trusted.
   at Microsoft.Data.SqlClient.SqlInternalConnection.OnError(SqlException exception, Boolean breakConnection, Action`1 wrapCloseInAction)
   at Microsoft.Data.SqlClient.TdsParser.ThrowExceptionAndWarning(TdsParserStateObject stateObj, Boolean callerHasConnectionLock, Boolean asyncClose)
   at Microsoft.Data.SqlClient.TdsParserStateObject.ThrowExceptionAndWarning(Boolean callerHasConnectionLock, Boolean asyncClose)
   at Microsoft.Data.SqlClient.TdsParserStateObject.SNIWritePacket(PacketHandle packet, UInt32& sniError, Boolean canAccumulate, Boolean callerHasConnectionLock, Boolean asyncClose)
   at Microsoft.Data.SqlClient.TdsParserStateObject.WriteSni(Boolean canAccumulate)
   at Microsoft.Data.SqlClient.TdsParserStateObject.WritePacket(Byte flushMode, Boolean canAccumulate)
   at Microsoft.Data.SqlClient.TdsParser.TdsLogin(SqlLogin rec, FeatureExtension requestedFeatures, SessionData recoverySessionData, FederatedAuthenticationFeatureExtensionData fedAuthFeatureExtensionData, SqlConnectionEncryptOption encrypt)
   at Microsoft.Data.SqlClient.SqlInternalConnectionTds.Login(ServerInfo server, TimeoutTimer timeout, String newPassword, SecureString newSecurePassword, SqlConnectionEncryptOption encrypt)
   at Microsoft.Data.SqlClient.SqlInternalConnectionTds.AttemptOneLogin(ServerInfo serverInfo, String newPassword, SecureString newSecurePassword, Boolean ignoreSniOpenTimeout, TimeoutTimer timeout, Boolean withFailover)
   at Microsoft.Data.SqlClient.SqlInternalConnectionTds.LoginNoFailover(ServerInfo serverInfo, String newPassword, SecureString newSecurePassword, Boolean redirectedUserInstance, SqlConnectionString connectionOptions, SqlCredential credential, TimeoutTimer timeout)
   at Microsoft.Data.SqlClient.SqlInternalConnectionTds.OpenLoginEnlist(TimeoutTimer timeout, SqlConnectionString connectionOptions, SqlCredential credential, String newPassword, SecureString newSecurePassword, Boolean redirectedUserInstance)
   at Microsoft.Data.SqlClient.SqlInternalConnectionTds..ctor(DbConnectionPoolIdentity identity, SqlConnectionString connectionOptions, SqlCredential credential, Object providerInfo, String newPassword, SecureString newSecurePassword, Boolean redirectedUserInstance, SqlConnectionString userConnectionOptions, SessionData reconnectSessionData, Boolean applyTransientFaultHandling, String accessToken, DbConnectionPool pool)
   at Microsoft.Data.SqlClient.SqlConnectionFactory.CreateConnection(DbConnectionOptions options, DbConnectionPoolKey poolKey, Object poolGroupProviderInfo, DbConnectionPool pool, DbConnection owningConnection, DbConnectionOptions userOptions)
   at Microsoft.Data.ProviderBase.DbConnectionFactory.CreatePooledConnection(DbConnectionPool pool, DbConnection owningObject, DbConnectionOptions options, DbConnectionPoolKey poolKey, DbConnectionOptions userOptions)
   at Microsoft.Data.ProviderBase.DbConnectionPool.CreateObject(DbConnection owningObject, DbConnectionOptions userOptions, DbConnectionInternal oldConnection)
   at Microsoft.Data.ProviderBase.DbConnectionPool.UserCreateRequest(DbConnection owningObject, DbConnectionOptions userOptions, DbConnectionInternal oldConnection)
   at Microsoft.Data.ProviderBase.DbConnectionPool.TryGetConnection(DbConnection owningObject, UInt32 waitForMultipleObjectsTimeout, Boolean allowCreate, Boolean onlyOneCheckConnection, DbConnectionOptions userOptions, DbConnectionInternal& connection)
   at Microsoft.Data.ProviderBase.DbConnectionPool.TryGetConnection(DbConnection owni2023-05-11T16:28:06.6809181+07:00  [INF] Starting Duende IdentityServer version "6.2.1+bda14c367eb8a85f3dae614fa0ac1005bb13dfdc" (".NET 7.0.2") (ae753c2a)
2023-05-11T16:28:06.7603515+07:00  [WRN] You do not have a valid license key for the Duende software. This is allowed for development and testing scenarios. If you are running in production you are required to have a licensed version. Please start a conversation with us: https://duendesoftware.com/contact (c0bcb7a8)
2023-05-11T16:28:06.7664745+07:00  [INF] You are using the in-memory version of the persisted grant store. This will store consent decisions, authorization codes, refresh and reference tokens in memory only. If you are using any of those features in production, you want to switch to a different store implementation. (553c312b)
2023-05-11T16:28:06.7735610+07:00  [INF] Using the default authentication scheme "Bearer" for IdentityServer (4a54f457)
2023-05-11T16:28:06.7748371+07:00  [INF] Authentication scheme "Bearer" is configured for IdentityServer, but it is not a scheme that supports signin (like cookies). If you support interactive logins via the browser, then a cookie-based scheme should be used. (70b7fc41)
2023-05-11T16:28:07.2050056+07:00  [INF] Now listening on: "https://localhost:44350" (d826f4b8)
2023-05-11T16:28:07.2064964+07:00  [INF] Now listening on: "http://localhost:5050" (d826f4b8)
2023-05-11T16:28:07.2078082+07:00  [INF] Application started. Press Ctrl+C to shut down. (dcaefe54)
2023-05-11T16:28:07.2089755+07:00  [INF] Hosting environment: "Development" (bc5a1a4e)
2023-05-11T16:28:07.2104574+07:00  [INF] Content root path: "D:\ProjectReact\CSB_NUMBER_TWO\React_CanhSatBien\QuickApp" (cc26f24e)
2023-05-11T16:28:12.1436599+07:00 0HMQI083O1KMA:00000001 [INF] No SPA development server running at https://localhost:44450 found. (faa82a70)
2023-05-11T16:28:12.3285677+07:00 0HMQI083O1KMA:00000001 [INF] SPA proxy is not ready. Returning temporary landing page. (72ef90a5)
2023-05-11T16:28:15.8745320+07:00 0HMQI083O1KMA:00000003 [INF] SPA proxy is ready. Redirecting to https://localhost:44450. (8ea0a81a)
2023-05-11T16:28:17.9320360+07:00 0HMQI083O1KMA:00000001 [INF] SPA development server running at 'https://localhost:44450' (88247629)
2023-05-11T16:28:20.2606306+07:00 0HMQI083O1KMC:00000001 [ERR] An error occurred using the connection to database '"CMS_CoastGuard"' on server '"ADMIN\SQL"'. (5fc3407c)
2023-05-11T16:28:20.2974596+07:00 0HMQI083O1KMC:00000001 [ERR] An exception occurred while iterating over the results of a query for context type '"DAL.ApplicationDbContext"'."
""Microsoft.Data.SqlClient.SqlException (0x80131904): Login failed for user 'ADMIN\Administrator'.
   at Microsoft.Data.SqlClient.SqlInternalConnection.OnError(SqlException exception, Boolean breakConnection, Action`1 wrapCloseInAction)
   at Microsoft.Data.SqlClient.TdsParser.ThrowExceptionAndWarning(TdsParserStateObject stateObj, Boolean callerHasConnectionLock, Boolean asyncClose)
   at Microsoft.Data.SqlClient.TdsParser.TryRun(RunBehavior runBehavior, SqlCommand cmdHandler, SqlDataReader dataStream, BulkCopySimpleResultSet bulkCopyHandler, TdsParserStateObject stateObj, Boolean& dataReady)
   at Microsoft.Data.SqlClient.TdsParser.Run(RunBehavior runBehavior, SqlCommand cmdHandler, SqlDataReader dataStream, BulkCopySimpleResultSet bulkCopyHandler, TdsParserStateObject stateObj)
   at Microsoft.Data.SqlClient.SqlInternalConnectionTds.CompleteLogin(Boolean enlistOK)
   at Microsoft.Data.SqlClient.SqlInternalConnectionTds.AttemptOneLogin(ServerInfo serverInfo, String newPassword, SecureString newSecurePassword, Boolean ignoreSniOpenTimeout, TimeoutTimer timeout, Boolean withFailover)
   at Microsoft.Data.SqlClient.SqlInternalConnectionTds.LoginNoFailover(ServerInfo serverInfo, String newPassword, SecureString newSecurePassword, Boolean redirectedUserInstance, SqlConnectionString connectionOptions, SqlCredential credential, TimeoutTimer timeout)
   at Microsoft.Data.SqlClient.SqlInternalConnectionTds.OpenLoginEnlist(TimeoutTimer timeout, SqlConnectionString connectionOptions, SqlCredential credential, String newPassword, SecureString newSecurePassword, Boolean redirectedUserInstance)
   at Microsoft.Data.SqlClient.SqlInternalConnectionTds..ctor(DbConnectionPoolIdentity identity, SqlConnectionString connectionOptions, SqlCredential credential, Object providerInfo, String newPassword, SecureString newSecurePassword, Boolean redirectedUserInstance, SqlConnectionString userConnectionOptions, SessionData reconnectSessionData, Boolean applyTransientFaultHandling, String accessToken, DbConnectionPool pool)
   at Microsoft.Data.SqlClient.SqlConnectionFactory.CreateConnection(DbConnectionOptions options, DbConnectionPoolKey poolKey, Object poolGroupProviderInfo, DbConnectionPool pool, DbConnection owningConnection, DbConnectionOptions userOptions)
   at Microsoft.Data.ProviderBase.DbConnectionFactory.CreatePooledConnection(DbConnectionPool pool, DbConnection owningObject, DbConnectionOptions options, DbConnectionPoolKey poolKey, DbConnectionOptions userOptions)
   at Microsoft.Data.ProviderBase.DbConnectionPool.CreateObject(DbConnection owningObject, DbConnectionOptions userOptions, DbConnectionInternal oldConnection)
   at Microsoft.Data.ProviderBase.DbConnectionPool.UserCreateRequest(DbConnection owningObject, DbConnectionOptions userOptions, DbConnectionInternal oldConnection)
   at Microsoft.Data.ProviderBase.DbConnectionPool.TryGetConnection(DbConnection owningObject, UInt32 waitForMultipleObjectsTimeout, Boolean allowCreate, Boolean onlyOneCheckConnection, DbConnectionOptions userOptions, DbConnectionInternal& connection)
   at Microsoft.Data.ProviderBase.DbConnectionPool.TryGetConnection(DbConnection owningObject, TaskCompletionSource`1 retry, DbConnectionOptions userOptions, DbConnectionInternal& connection)
   at Microsoft.Data.ProviderBase.DbConnectionFactory.TryGetConnection(DbConnection owningConnection, TaskCompletionSource`1 retry, DbConnectionOptions userOptions, DbConnectionInternal oldConnection, DbConnectionInternal& connection)
   at Microsoft.Data.ProviderBase.DbConnectionInternal.TryOpenConnectionInternal(DbConnection outerConnection, DbConnectionFactory connectionFactory, TaskCompletionSource`1 retry, DbConnectionOptions userOptions)
   at Microsoft.Data.ProviderBase.DbConnectionClosed.TryOpenConnection(DbConnection outerConnection, DbConnectionFactory connectionFactory, TaskCompletionSource`1 retry, DbConnectionOpti2023-05-11T16:32:22.7666026+07:00  [INF] Starting Duende IdentityServer version "6.2.1+bda14c367eb8a85f3dae614fa0ac1005bb13dfdc" (".NET 7.0.2") (ae753c2a)
2023-05-11T16:32:22.8726091+07:00  [WRN] You do not have a valid license key for the Duende software. This is allowed for development and testing scenarios. If you are running in production you are required to have a licensed version. Please start a conversation with us: https://duendesoftware.com/contact (c0bcb7a8)
2023-05-11T16:32:22.8780329+07:00  [INF] You are using the in-memory version of the persisted grant store. This will store consent decisions, authorization codes, refresh and reference tokens in memory only. If you are using any of those features in production, you want to switch to a different store implementation. (553c312b)
2023-05-11T16:32:22.8883243+07:00  [INF] Using the default authentication scheme "Bearer" for IdentityServer (4a54f457)
2023-05-11T16:32:22.8903453+07:00  [INF] Authentication scheme "Bearer" is configured for IdentityServer, but it is not a scheme that supports signin (like cookies). If you support interactive logins via the browser, then a cookie-based scheme should be used. (70b7fc41)
2023-05-11T16:32:23.3769269+07:00  [INF] Now listening on: "https://localhost:44350" (d826f4b8)
2023-05-11T16:32:23.3797178+07:00  [INF] Now listening on: "http://localhost:5050" (d826f4b8)
2023-05-11T16:32:23.3822522+07:00  [INF] Application started. Press Ctrl+C to shut down. (dcaefe54)
2023-05-11T16:32:23.3845581+07:00  [INF] Hosting environment: "Development" (bc5a1a4e)
2023-05-11T16:32:23.3865546+07:00  [INF] Content root path: "D:\ProjectReact\CSB_NUMBER_TWO\React_CanhSatBien\QuickApp" (cc26f24e)
2023-05-11T16:32:27.7592793+07:00 0HMQI0AG5QBTR:00000001 [ERR] An error occurred using the connection to database '"CMS_CoastGuard"' on server '"localhost\SQL"'. (5fc3407c)
2023-05-11T16:32:27.7924543+07:00 0HMQI0AG5QBTR:00000001 [ERR] An exception occurred while iterating over the results of a query for context type '"DAL.ApplicationDbContext"'."
""Microsoft.Data.SqlClient.SqlException (0x80131904): A connection was successfully established with the server, but then an error occurred during the login process. (provider: SSL Provider, error: 0 - The certificate chain was issued by an authority that is not trusted.)
 ---> System.ComponentModel.Win32Exception (0x80090325): The certificate chain was issued by an authority that is not trusted.
   at Microsoft.Data.SqlClient.SqlInternalConnection.OnError(SqlException exception, Boolean breakConnection, Action`1 wrapCloseInAction)
   at Microsoft.Data.SqlClient.TdsParser.ThrowExceptionAndWarning(TdsParserStateObject stateObj, Boolean callerHasConnectionLock, Boolean asyncClose)
   at Microsoft.Data.SqlClient.TdsParserStateObject.ThrowExceptionAndWarning(Boolean callerHasConnectionLock, Boolean asyncClose)
   at Microsoft.Data.SqlClient.TdsParserStateObject.SNIWritePacket(PacketHandle packet, UInt32& sniError, Boolean canAccumulate, Boolean callerHasConnectionLock, Boolean asyncClose)
   at Microsoft.Data.SqlClient.TdsParserStateObject.WriteSni(Boolean canAccumulate)
   at Microsoft.Data.SqlClient.TdsParserStateObject.WritePacket(Byte flushMode, Boolean canAccumulate)
   at Microsoft.Data.SqlClient.TdsParser.TdsLogin(SqlLogin rec, FeatureExtension requestedFeatures, SessionData recoverySessionData, FederatedAuthenticationFeatureExtensionData fedAuthFeatureExtensionData, SqlConnectionEncryptOption encrypt)
   at Microsoft.Data.SqlClient.SqlInternalConnectionTds.Login(ServerInfo server, TimeoutTimer timeout, String newPassword, SecureString newSecurePassword, SqlConnectionEncryptOption encrypt)
   at Microsoft.Data.SqlClient.SqlInternalConnectionTds.AttemptOneLogin(ServerInfo serverInfo, String newPassword, SecureString newSecurePassword, Boolean ignoreSniOpenTimeout, TimeoutTimer timeout, Boolean withFailover)
   at Microsoft.Data.SqlClient.SqlInternalConnectionTds.LoginNoFailover(ServerInfo serverInfo, String newPassword, SecureString newSecurePassword, Boolean redirectedUserInstance, SqlConnectionString connectionOptions, SqlCredential credential, TimeoutTimer timeout)
   at Microsoft.Data.SqlClient.SqlInternalConnectionTds.OpenLoginEnlist(TimeoutTimer timeout, SqlConnectionString connectionOptions, SqlCredential credential, String newPassword, SecureString newSecurePassword, Boolean redirectedUserInstance)
   at Microsoft.Data.SqlClient.SqlInternalConnectionTds..ctor(DbConnectionPoolIdentity identity, SqlConnectionString connectionOptions, SqlCredential credential, Object providerInfo, String newPassword, SecureString newSecurePassword, Boolean redirectedUserInstance, SqlConnectionString userConnectionOptions, SessionData reconnectSessionData, Boolean applyTransientFaultHandling, String accessToken, DbConnectionPool pool)
   at Microsoft.Data.SqlClient.SqlConnectionFactory.CreateConnection(DbConnectionOptions options, DbConnectionPoolKey poolKey, Object poolGroupProviderInfo, DbConnectionPool pool, DbConnection owningConnection, DbConnectionOptions userOptions)
   at Microsoft.Data.ProviderBase.DbConnectionFactory.CreatePooledConnection(DbConnectionPool pool, DbConnection owningObject, DbConnectionOptions options, DbConnectionPoolKey poolKey, DbConnectionOptions userOptions)
   at Microsoft.Data.ProviderBase.DbConnectionPool.CreateObject(DbConnection owningObject, DbConnectionOptions userOptions, DbConnectionInternal oldConnection)
   at Microsoft.Data.ProviderBase.DbConnectionPool.UserCreateRequest(DbConnection owningObject, DbConnectionOptions userOptions, DbConnectionInternal oldConnection)
   at Microsoft.Data.ProviderBase.DbConnectionPool.TryGetConnection(DbConnection owningObject, UInt32 waitForMultipleObjectsTimeout, Boolean allowCreate, Boolean onlyOneCheckConnection, DbConnectionOptions userOptions, DbConnectionInternal& connection)
   at Microsoft.Data.ProviderBase.DbConnectionPool.TryGetConnection(DbConnection owni2023-05-11T16:32:50.9245207+07:00  [INF] Starting Duende IdentityServer version "6.2.1+bda14c367eb8a85f3dae614fa0ac1005bb13dfdc" (".NET 7.0.2") (ae753c2a)
2023-05-11T16:32:51.0306462+07:00  [WRN] You do not have a valid license key for the Duende software. This is allowed for development and testing scenarios. If you are running in production you are required to have a licensed version. Please start a conversation with us: https://duendesoftware.com/contact (c0bcb7a8)
2023-05-11T16:32:51.0346376+07:00  [INF] You are using the in-memory version of the persisted grant store. This will store consent decisions, authorization codes, refresh and reference tokens in memory only. If you are using any of those features in production, you want to switch to a different store implementation. (553c312b)
2023-05-11T16:32:51.0411446+07:00  [INF] Using the default authentication scheme "Bearer" for IdentityServer (4a54f457)
2023-05-11T16:32:51.0424051+07:00  [INF] Authentication scheme "Bearer" is configured for IdentityServer, but it is not a scheme that supports signin (like cookies). If you support interactive logins via the browser, then a cookie-based scheme should be used. (70b7fc41)
2023-05-11T16:32:51.4365754+07:00  [INF] Now listening on: "https://localhost:44350" (d826f4b8)
2023-05-11T16:32:51.4381154+07:00  [INF] Now listening on: "http://localhost:5050" (d826f4b8)
2023-05-11T16:32:51.4405489+07:00  [INF] Application started. Press Ctrl+C to shut down. (dcaefe54)
2023-05-11T16:32:51.4420543+07:00  [INF] Hosting environment: "Development" (bc5a1a4e)
2023-05-11T16:32:51.4435406+07:00  [INF] Content root path: "D:\ProjectReact\CSB_NUMBER_TWO\React_CanhSatBien\QuickApp" (cc26f24e)
2023-05-11T16:33:17.3291689+07:00  [INF] Starting Duende IdentityServer version "6.2.1+bda14c367eb8a85f3dae614fa0ac1005bb13dfdc" (".NET 7.0.2") (ae753c2a)
2023-05-11T16:33:17.4114661+07:00  [WRN] You do not have a valid license key for the Duende software. This is allowed for development and testing scenarios. If you are running in production you are required to have a licensed version. Please start a conversation with us: https://duendesoftware.com/contact (c0bcb7a8)
2023-05-11T16:33:17.4174710+07:00  [INF] You are using the in-memory version of the persisted grant store. This will store consent decisions, authorization codes, refresh and reference tokens in memory only. If you are using any of those features in production, you want to switch to a different store implementation. (553c312b)
2023-05-11T16:33:17.4266679+07:00  [INF] Using the default authentication scheme "Bearer" for IdentityServer (4a54f457)
2023-05-11T16:33:17.4282944+07:00  [INF] Authentication scheme "Bearer" is configured for IdentityServer, but it is not a scheme that supports signin (like cookies). If you support interactive logins via the browser, then a cookie-based scheme should be used. (70b7fc41)
2023-05-11T16:33:17.8382739+07:00  [INF] Now listening on: "https://localhost:44350" (d826f4b8)
2023-05-11T16:33:17.8395986+07:00  [INF] Now listening on: "http://localhost:5050" (d826f4b8)
2023-05-11T16:33:17.8408039+07:00  [INF] Application started. Press Ctrl+C to shut down. (dcaefe54)
2023-05-11T16:33:17.8418193+07:00  [INF] Hosting environment: "Development" (bc5a1a4e)
2023-05-11T16:33:17.8428886+07:00  [INF] Content root path: "D:\ProjectReact\CSB_NUMBER_TWO\React_CanhSatBien\QuickApp" (cc26f24e)
2023-05-11T16:33:23.0462724+07:00 0HMQI0B0CRCUL:00000001 [INF] No SPA development server running at https://localhost:44450 found. (faa82a70)
2023-05-11T16:33:23.2393054+07:00 0HMQI0B0CRCUL:00000001 [INF] SPA proxy is not ready. Returning temporary landing page. (72ef90a5)
2023-05-11T16:33:23.5095608+07:00 0HMQI0B0CRCUN:00000001 [ERR] An error occurred using the connection to database '"CMS_CoastGuard"' on server '"localhost\SQL"'. (5fc3407c)
2023-05-11T16:33:23.5649074+07:00 0HMQI0B0CRCUN:00000001 [ERR] An exception occurred while iterating over the results of a query for context type '"DAL.ApplicationDbContext"'."
""Microsoft.Data.SqlClient.SqlException (0x80131904): A connection was successfully established with the server, but then an error occurred during the login process. (provider: SSL Provider, error: 0 - The certificate chain was issued by an authority that is not trusted.)
 ---> System.ComponentModel.Win32Exception (0x80090325): The certificate chain was issued by an authority that is not trusted.
   at Microsoft.Data.SqlClient.SqlInternalConnection.OnError(SqlException exception, Boolean breakConnection, Action`1 wrapCloseInAction)
   at Microsoft.Data.SqlClient.TdsParser.ThrowExceptionAndWarning(TdsParserStateObject stateObj, Boolean callerHasConnectionLock, Boolean asyncClose)
   at Microsoft.Data.SqlClient.TdsParserStateObject.ThrowExceptionAndWarning(Boolean callerHasConnectionLock, Boolean asyncClose)
   at Microsoft.Data.SqlClient.TdsParserStateObject.SNIWritePacket(PacketHandle packet, UInt32& sniError, Boolean canAccumulate, Boolean callerHasConnectionLock, Boolean asyncClose)
   at Microsoft.Data.SqlClient.TdsParserStateObject.WriteSni(Boolean canAccumulate)
   at Microsoft.Data.SqlClient.TdsParserStateObject.WritePacket(Byte flushMode, Boolean canAccumulate)
   at Microsoft.Data.SqlClient.TdsParser.TdsLogin(SqlLogin rec, FeatureExtension requestedFeatures, SessionData recoverySessionData, FederatedAuthenticationFeatureExtensionData fedAuthFeatureExtensionData, SqlConnectionEncryptOption encrypt)
   at Microsoft.Data.SqlClient.SqlInternalConnectionTds.Login(ServerInfo server, TimeoutTimer timeout, String newPassword, SecureString newSecurePassword, SqlConnectionEncryptOption encrypt)
   at Microsoft.Data.SqlClient.SqlInternalConnectionTds.AttemptOneLogin(ServerInfo serverInfo, String newPassword, SecureString newSecurePassword, Boolean ignoreSniOpenTimeout, TimeoutTimer timeout, Boolean withFailover)
   at Microsoft.Data.SqlClient.SqlInternalConnectionTds.LoginNoFailover(ServerInfo serverInfo, String newPassword, SecureString newSecurePassword, Boolean redirectedUserInstance, SqlConnectionString connectionOptions, SqlCredential credential, TimeoutTimer timeout)
   at Microsoft.Data.SqlClient.SqlInternalConnectionTds.OpenLoginEnlist(TimeoutTimer timeout, SqlConnectionString connectionOptions, SqlCredential credential, String newPassword, SecureString newSecurePassword, Boolean redirectedUserInstance)
   at Microsoft.Data.SqlClient.SqlInternalConnectionTds..ctor(DbConnectionPoolIdentity identity, SqlConnectionString connectionOptions, SqlCredential credential, Object providerInfo, String newPassword, SecureString newSecurePassword, Boolean redirectedUserInstance, SqlConnectionString userConnectionOptions, SessionData reconnectSessionData, Boolean applyTransientFaultHandling, String accessToken, DbConnectionPool pool)
   at Microsoft.Data.SqlClient.SqlConnectionFactory.CreateConnection(DbConnectionOptions options, DbConnectionPoolKey poolKey, Object poolGroupProviderInfo, DbConnectionPool pool, DbConnection owningConnection, DbConnectionOptions userOptions)
   at Microsoft.Data.ProviderBase.DbConnectionFactory.CreatePooledConnection(DbConnectionPool pool, DbConnection owningObject, DbConnectionOptions options, DbConnectionPoolKey poolKey, DbConnectionOptions userOptions)
   at Microsoft.Data.ProviderBase.DbConnectionPool.CreateObject(DbConnection owningObject, DbConnectionOptions userOptions, DbConnectionInternal oldConnection)
   at Microsoft.Data.ProviderBase.DbConnectionPool.UserCreateRequest(DbConnection owningObject, DbConnectionOptions userOptions, DbConnectionInternal oldConnection)
   at Microsoft.Data.ProviderBase.DbConnectionPool.TryGetConnection(DbConnection owningObject, UInt32 waitForMultipleObjectsTimeout, Boolean allowCreate, Boolean onlyOneCheckConnection, DbConnectionOptions userOptions, DbConnectionInternal& connection)
   at Microsoft.Data.ProviderBase.DbConnectionPool.TryGetConnection(DbConnection owni2023-05-11T16:33:57.8170742+07:00  [INF] Starting Duende IdentityServer version "6.2.1+bda14c367eb8a85f3dae614fa0ac1005bb13dfdc" (".NET 7.0.2") (ae753c2a)
2023-05-11T16:33:57.8876238+07:00  [WRN] You do not have a valid license key for the Duende software. This is allowed for development and testing scenarios. If you are running in production you are required to have a licensed version. Please start a conversation with us: https://duendesoftware.com/contact (c0bcb7a8)
2023-05-11T16:33:57.8924318+07:00  [INF] You are using the in-memory version of the persisted grant store. This will store consent decisions, authorization codes, refresh and reference tokens in memory only. If you are using any of those features in production, you want to switch to a different store implementation. (553c312b)
2023-05-11T16:33:57.8983883+07:00  [INF] Using the default authentication scheme "Bearer" for IdentityServer (4a54f457)
2023-05-11T16:33:57.8993663+07:00  [INF] Authentication scheme "Bearer" is configured for IdentityServer, but it is not a scheme that supports signin (like cookies). If you support interactive logins via the browser, then a cookie-based scheme should be used. (70b7fc41)
2023-05-11T16:33:58.3029084+07:00  [INF] Now listening on: "https://localhost:44350" (d826f4b8)
2023-05-11T16:33:58.3042152+07:00  [INF] Now listening on: "http://localhost:5050" (d826f4b8)
2023-05-11T16:33:58.3061580+07:00  [INF] Application started. Press Ctrl+C to shut down. (dcaefe54)
2023-05-11T16:33:58.3077413+07:00  [INF] Hosting environment: "Development" (bc5a1a4e)
2023-05-11T16:33:58.3109490+07:00  [INF] Content root path: "D:\ProjectReact\CSB_NUMBER_TWO\React_CanhSatBien\QuickApp" (cc26f24e)
2023-05-11T16:34:02.8910118+07:00 0HMQI0BCG2DGP:00000001 [ERR] Failed executing DbCommand ("175"ms) [Parameters=["@__p_0='?' (DbType = Int32)"], CommandType='Text', CommandTimeout='30']"
""SELECT TOP(@__p_0) [c].[id], [c].[access], [c].[alias], [c].[author], [c].[cat_id], [c].[checked_out], [c].[checked_out_time], [c].[created], [c].[created_by], [c].[created_by_alias], [c].[date_post], [c].[extra_fields], [c].[extra_fields_search], [c].[featured], [c].[featured_ordering], [c].[full_text], [c].[gallery], [c].[hits], [c].[image_caption], [c].[image_credits], [c].[intro_text], [c].[language], [c].[meta_data], [c].[meta_desc], [c].[meta_key], [c].[modified], [c].[modified_by], [c].[ordering], [c].[params], [c].[plugins], [c].[publish_down], [c].[publish_up], [c].[published], [c].[template], [c].[title], [c].[trash], [c].[video], [c].[video_caption], [c].[video_credits]
FROM [CMS_items] AS [c]
WHERE [c].[published] = CAST(1 AS bit) AND [c].[featured_ordering] = 2
ORDER BY [c].[date_post] DESC" (627a98df)
2023-05-11T16:34:02.9234207+07:00 0HMQI0BCG2DGP:00000001 [ERR] An exception occurred while iterating over the results of a query for context type '"DAL.ApplicationDbContext"'."
""Microsoft.Data.SqlClient.SqlException (0x80131904): Invalid column name 'author'.
   at Microsoft.Data.SqlClient.SqlConnection.OnError(SqlException exception, Boolean breakConnection, Action`1 wrapCloseInAction)
   at Microsoft.Data.SqlClient.SqlInternalConnection.OnError(SqlException exception, Boolean breakConnection, Action`1 wrapCloseInAction)
   at Microsoft.Data.SqlClient.TdsParser.ThrowExceptionAndWarning(TdsParserStateObject stateObj, Boolean callerHasConnectionLock, Boolean asyncClose)
   at Microsoft.Data.SqlClient.TdsParser.TryRun(RunBehavior runBehavior, SqlCommand cmdHandler, SqlDataReader dataStream, BulkCopySimpleResultSet bulkCopyHandler, TdsParserStateObject stateObj, Boolean& dataReady)
   at Microsoft.Data.SqlClient.SqlDataReader.TryConsumeMetaData()
   at Microsoft.Data.SqlClient.SqlDataReader.get_MetaData()
   at Microsoft.Data.SqlClient.SqlCommand.FinishExecuteReader(SqlDataReader ds, RunBehavior runBehavior, String resetOptionsString, Boolean isInternal, Boolean forDescribeParameterEncryption, Boolean shouldCacheForAlwaysEncrypted)
   at Microsoft.Data.SqlClient.SqlCommand.RunExecuteReaderTds(CommandBehavior cmdBehavior, RunBehavior runBehavior, Boolean returnStream, Boolean isAsync, Int32 timeout, Task& task, Boolean asyncWrite, Boolean inRetry, SqlDataReader ds, Boolean describeParameterEncryptionRequest)
   at Microsoft.Data.SqlClient.SqlCommand.RunExecuteReader(CommandBehavior cmdBehavior, RunBehavior runBehavior, Boolean returnStream, TaskCompletionSource`1 completion, Int32 timeout, Task& task, Boolean& usedCache, Boolean asyncWrite, Boolean inRetry, String method)
   at Microsoft.Data.SqlClient.SqlCommand.RunExecuteReader(CommandBehavior cmdBehavior, RunBehavior runBehavior, Boolean returnStream, String method)
   at Microsoft.Data.SqlClient.SqlCommand.ExecuteReader(CommandBehavior behavior)
   at Microsoft.Data.SqlClient.SqlCommand.ExecuteDbDataReader(CommandBehavior behavior)
   at Microsoft.EntityFrameworkCore.Storage.RelationalCommand.ExecuteReader(RelationalCommandParameterObject parameterObject)
   at Microsoft.EntityFrameworkCore.Query.Internal.SingleQueryingEnumerable`1.Enumerator.InitializeReader(Enumerator enumerator)
   at Microsoft.EntityFrameworkCore.Query.Internal.SingleQueryingEnumerable`1.Enumerator.<>c.<MoveNext>b__21_0(DbContext _, Enumerator enumerator)
   at Microsoft.EntityFrameworkCore.SqlServer.Storage.Internal.SqlServerExecutionStrategy.Execute[TState,TResult](TState state, Func`3 operation, Func`3 verifySucceeded)
   at Microsoft.EntityFrameworkCore.Query.Internal.SingleQueryingEnumerable`1.Enumerator.MoveNext()
ClientConnectionId:de13de29-3aab-4ffa-8ff6-6d0df19a75a8
Error Number:207,State:1,Class:16" (f5c7ac34)
Microsoft.Data.SqlClient.SqlException (0x80131904): Invalid column name 'author'.
   at Microsoft.Data.SqlClient.SqlConnection.OnError(SqlException exception, Boolean breakConnection, Action`1 wrapCloseInAction)
   at Microsoft.Data.SqlClient.SqlInternalConnection.OnError(SqlException exception, Boolean breakConnection, Action`1 wrapCloseInAction)
   at Microsoft.Data.SqlClient.TdsParser.ThrowExceptionAndWarning(TdsParserStateObject stateObj, Boolean callerHasConnectionLock, Boolean asyncClose)
   at Microsoft.Data.SqlClient.TdsParser.TryRun(RunBehavior runBehavior, SqlCommand cmdHandler, SqlDataReader dataStream, BulkCopySimpleResultSet bulkCopyHandler, TdsParserStateObject stateObj, Boolean& dataReady)
   at Microsoft.Data.SqlClient.SqlDataReader.TryConsumeMetaData()
   at Microsoft.Data.SqlClient.SqlDataReader.get_MetaData()
   at Microsoft.Data.SqlClient.SqlCommand.FinishExecuteReader(SqlDataReader ds, RunBehavior runBehavior, String resetOptionsString, Boolean isInternal, Boolean forDescribeParameterEncryption, Boolean shouldCacheForAlwaysEncrypted)
   at Microsoft.Data.SqlClient.SqlCommand.RunExecuteReaderTds(CommandBehavior cmdBehavior, RunBehavior runBehavior, Boolean returnStream, Boolean isAsync, Int32 timeout, Task& task, Boolean asyncWrite, Boolean inRetry, SqlDataReader ds, Boolean describeParameterEncryptionRequest)
   at Microsoft.Data.SqlClient.SqlCommand.RunExecuteReader(CommandBehavior cmdBehavior, RunBehavior runBehavior, Boolean returnStream, TaskCompletionSource`1 completion, Int32 timeout, Task& task, Boolean& usedCache, Boolean asyncWrite, Boolean inRetry, String method)
   at Microsoft.Data.SqlClient.SqlCommand.RunExecuteReader(CommandBehavior cmdBehavior, RunBehavior runBehavior, Boolean returnStream, String method)
   at Microsoft.Data.SqlClient.SqlCommand.ExecuteReader(CommandBehavior behavior)
   at Microsoft.Data.SqlClient.SqlCommand.ExecuteDbDataReader(CommandBehavior behavior)
   at Microsoft.EntityFrameworkCore.Storage.RelationalCommand.ExecuteReader(RelationalCommandParameterObject parameterObject)
   at Microsoft.EntityFrameworkCore.Query.Internal.SingleQueryingEnumerable`1.Enumerator.InitializeReader(Enumerator enumerator)
   at Microsoft.EntityFrameworkCore.Query.Internal.SingleQueryingEnumerable`1.Enumerator.<>c.<MoveNext>b__21_0(DbContext _, Enumerator enumerator)
   at Microsoft.EntityFrameworkCore.SqlServer.Storage.Internal.SqlServerExecutionStrategy.Execute[TState,TResult](TState state, Func`3 operation, Func`3 verifySucceeded)
   at Microsoft.EntityFrameworkCore.Query.Internal.SingleQueryingEnumerable`1.Enumerator.MoveNext()
   at System.Collections.Generic.List`1..ctor(IEnumerable`1 collection)
   at System.Linq.Enumerable.ToList[TSource](IEnumerable`1 source)
   at QuickApp.Controllers.HomeController.GetListItemFeatured() in D:\ProjectReact\CSB_NUMBER_TWO\React_CanhSatBien\QuickApp\Controllers\HomeController.cs:line 138
   at lambda_method6(Closure, Object, Object[])
   at Microsoft.AspNetCore.Mvc.Infrastructure.ActionMethodExecutor.SyncObjectResultExecutor.Execute(ActionContext actionContext, IActionResultTypeMapper mapper, ObjectMethodExecutor executor, Object controller, Object[] arguments)
   at Microsoft.AspNetCore.Mvc.Infrastructure.ControllerActionInvoker.<InvokeActionMethodAsync>g__Logged|12_1(ControllerActionInvoker invoker)
ClientConnectionId:de13de29-3aab-4ffa-8ff6-6d0df19a75a8
Error Number:207,State:1,Class:16
2023-05-11T16:35:18.0061228+07:00 0HMQI0BCG2DGN:00000001 [INF] No SPA development server running at https://localhost:44450 found. (faa82a70)
2023-05-11T16:35:18.0403475+07:00 0HMQI0BCG2DGP:00000001 [ERR] An unhandled exception has occurred while executing the request. (48a46595)
Microsoft.Data.SqlClient.SqlException (0x80131904): Invalid column name 'author'.
   at Microsoft.Data.SqlClient.SqlConnection.OnError(SqlException exception, Boolean breakConnection, Action`1 wrapCloseInAction)
   at Microsoft.Data.SqlClient.SqlInternalConnection.OnError(SqlException exception, Boolean breakConnection, Action`1 wrapCloseInAction)
   at Microsoft.Data.SqlClient.TdsParser.ThrowExceptionAndWarning(TdsParserStateObject stateObj, Boolean callerHasConnectionLock, Boolean asyncClose)
   at Microsoft.Data.SqlClient.TdsParser.TryRun(RunBehavior runBehavior, SqlCommand cmdHandler, SqlDataReader dataStream, BulkCopySimpleResultSet bulkCopyHandler, TdsParserStateObject stateObj, Boolean& dataReady)
   at Microsoft.Data.SqlClient.SqlDataReader.TryConsumeMetaData()
   at Microsoft.Data.SqlClient.SqlDataReader.get_MetaData()
   at Microsoft.Data.SqlClient.SqlCommand.FinishExecuteReader(SqlDataReader ds, RunBehavior runBehavior, String resetOptionsString, Boolean isInternal, Boolean forDescribeParameterEncryption, Boolean shouldCacheForAlwaysEncrypted)
   at Microsoft.Data.SqlClient.SqlCommand.RunExecuteReaderTds(CommandBehavior cmdBehavior, RunBehavior runBehavior, Boolean returnStream, Boolean isAsync, Int32 timeout, Task& task, Boolean asyncWrite, Boolean inRetry, SqlDataReader ds, Boolean describeParameterEncryptionRequest)
   at Microsoft.Data.SqlClient.SqlCommand.RunExecuteReader(CommandBehavior cmdBehavior, RunBehavior runBehavior, Boolean returnStream, TaskCompletionSource`1 completion, Int32 timeout, Task& task, Boolean& usedCache, Boolean asyncWrite, Boolean inRetry, String method)
   at Microsoft.Data.SqlClient.SqlCommand.RunExecuteReader(CommandBehavior cmdBehavior, RunBehavior runBehavior, Boolean returnStream, String method)
   at Microsoft.Data.SqlClient.SqlCommand.ExecuteReader(CommandBehavior behavior)
   at Microsoft.Data.SqlClient.SqlCommand.ExecuteDbDataReader(CommandBehavior behavior)
   at Microsoft.EntityFrameworkCore.Storage.RelationalCommand.ExecuteReader(RelationalCommandParameterObject parameterObject)
   at Microsoft.EntityFrameworkCore.Query.Internal.SingleQueryingEnumerable`1.Enumerator.InitializeReader(Enumerator enumerator)
   at Microsoft.EntityFrameworkCore.Query.Internal.SingleQueryingEnumerable`1.Enumerator.<>c.<MoveNext>b__21_0(DbContext _, Enumerator enumerator)
   at Microsoft.EntityFrameworkCore.SqlServer.Storage.Internal.SqlServerExecutionStrategy.Execute[TState,TResult](TState state, Func`3 operation, Func`3 verifySucceeded)
   at Microsoft.EntityFrameworkCore.Query.Internal.SingleQueryingEnumerable`1.Enumerator.MoveNext()
   at System.Collections.Generic.List`1..ctor(IEnumerable`1 collection)
   at System.Linq.Enumerable.ToList[TSource](IEnumerable`1 source)
   at QuickApp.Controllers.HomeController.GetListItemFeatured() in D:\ProjectReact\CSB_NUMBER_TWO\React_CanhSatBien\QuickApp\Controllers\HomeController.cs:line 138
   at lambda_method6(Closure, Object, Object[])
   at Microsoft.AspNetCore.Mvc.Infrastructure.ActionMethodExecutor.SyncObjectResultExecutor.Execute(ActionContext actionContext, IActionResultTypeMapper mapper, ObjectMethodExecutor executor, Object controller, Object[] arguments)
   at Microsoft.AspNetCore.Mvc.Infrastructure.ControllerActionInvoker.<InvokeActionMethodAsync>g__Logged|12_1(ControllerActionInvoker invoker)
   at Microsoft.AspNetCore.Mvc.Infrastructure.ControllerActionInvoker.<InvokeNextActionFilterAsync>g__Awaited|10_0(ControllerActionInvoker invoker, Task lastTask, State next, Scope scope, Object state, Boolean isCompleted)
   at Microsoft.AspNetCore.Mvc.Infrastructure.ControllerActionInvoker.Rethrow(ActionExecutedContextSealed context)
   at Microsoft.AspNetCore.Mvc.Infrastructure.ControllerActionInvoker.Next(State& next, Scope& scope, Object& state, Boolean& isCompleted)
   at Microsoft.AspNetCore.Mvc.Infrastructure.ControllerActionInvoker.InvokeInnerFilterAsync()
--- End of stack trace from previous location ---
   at Microsoft.AspNetCore.Mvc.Infrastructure.ResourceInvoker.<InvokeNextResourceFilter>g__Awaited|25_0(ResourceInvoker invoker, Task lastTask, State next, Scope scope, Object state, Boolean isCompleted)
   at Microsoft.AspNetCore.Mvc.Infrastructure.ResourceInvoker.Rethrow(ResourceExecutedContextSealed context)
   at Microsoft.AspNetCore.Mvc.Infrastructure.ResourceInvoker.Next(State& next, Scope& scope, Object& state, Boolean& isCompleted)
   at Microsoft.AspNetCore.Mvc.Infrastructure.ResourceInvoker.InvokeFilterPipelineAsync()
--- End of stack trace from previous location ---
   at Microsoft.AspNetCore.Mvc.Infrastructure.ResourceInvoker.<InvokeAsync>g__Logged|17_1(ResourceInvoker invoker)
   at Microsoft.AspNetCore.Mvc.Infrastructure.ResourceInvoker.<InvokeAsync>g__Logged|17_1(ResourceInvoker invoker)
   at Microsoft.AspNetCore.Routing.EndpointMiddleware.<Invoke>g__AwaitRequestTask|6_0(Endpoint endpoint, Task requestTask, ILogger logger)
   at Swashbuckle.AspNetCore.SwaggerUI.SwaggerUIMiddleware.Invoke(HttpContext httpContext)
   at Swashbuckle.AspNetCore.Swagger.SwaggerMiddleware.Invoke(HttpContext httpContext, ISwaggerProvider swaggerProvider)
   at Microsoft.AspNetCore.Authorization.AuthorizationMiddleware.Invoke(HttpContext context)
   at Duende.IdentityServer.Hosting.IdentityServerMiddleware.Invoke(HttpContext context, IdentityServerOptions options, IEndpointRouter router, IUserSession userSession, IEventService events, IIssuerNameService issuerNameService, ISessionCoordinationService sessionCoordinationService) in /_/src/IdentityServer/Hosting/IdentityServerMiddleware.cs:line 120
   at Duende.IdentityServer.Hosting.MutualTlsEndpointMiddleware.Invoke(HttpContext context, IAuthenticationSchemeProvider schemes) in /_/src/IdentityServer/Hosting/MutualTlsEndpointMiddleware.cs:line 94
   at Microsoft.AspNetCore.Authentication.AuthenticationMiddleware.Invoke(HttpContext context)
   at Duende.IdentityServer.Hosting.DynamicProviders.DynamicSchemeAuthenticationMiddleware.Invoke(HttpContext context) in /_/src/IdentityServer/Hosting/DynamicProviders/DynamicSchemes/DynamicSchemeAuthenticationMiddleware.cs:line 47
   at Duende.IdentityServer.Hosting.BaseUrlMiddleware.Invoke(HttpContext context) in /_/src/IdentityServer/Hosting/BaseUrlMiddleware.cs:line 27
   at Microsoft.AspNetCore.Diagnostics.DeveloperExceptionPageMiddlewareImpl.Invoke(HttpContext context)
ClientConnectionId:de13de29-3aab-4ffa-8ff6-6d0df19a75a8
Error Number:207,State:1,Class:16
2023-05-11T16:35:18.2518731+07:00 0HMQI0BCG2DGN:00000001 [INF] SPA proxy is not ready. Returning temporary landing page. (72ef90a5)
2023-05-11T16:47:52.0105174+07:00  [INF] Starting Duende IdentityServer version "6.2.1+bda14c367eb8a85f3dae614fa0ac1005bb13dfdc" (".NET 7.0.2") (ae753c2a)
2023-05-11T16:47:52.1401866+07:00  [WRN] You do not have a valid license key for the Duende software. This is allowed for development and testing scenarios. If you are running in production you are required to have a licensed version. Please start a conversation with us: https://duendesoftware.com/contact (c0bcb7a8)
2023-05-11T16:47:52.1468961+07:00  [INF] You are using the in-memory version of the persisted grant store. This will store consent decisions, authorization codes, refresh and reference tokens in memory only. If you are using any of those features in production, you want to switch to a different store implementation. (553c312b)
2023-05-11T16:47:52.1583609+07:00  [INF] Using the default authentication scheme "Bearer" for IdentityServer (4a54f457)
2023-05-11T16:47:52.1603601+07:00  [INF] Authentication scheme "Bearer" is configured for IdentityServer, but it is not a scheme that supports signin (like cookies). If you support interactive logins via the browser, then a cookie-based scheme should be used. (70b7fc41)
2023-05-11T16:47:52.5166575+07:00  [INF] Now listening on: "https://localhost:44350" (d826f4b8)
2023-05-11T16:47:52.5183989+07:00  [INF] Now listening on: "http://localhost:5050" (d826f4b8)
2023-05-11T16:47:52.5202211+07:00  [INF] Application started. Press Ctrl+C to shut down. (dcaefe54)
2023-05-11T16:47:52.5216334+07:00  [INF] Hosting environment: "Development" (bc5a1a4e)
2023-05-11T16:47:52.5229263+07:00  [INF] Content root path: "D:\ProjectReact\CSB_NUMBER_TWO\React_CanhSatBien\QuickApp" (cc26f24e)
2023-05-11T16:47:57.4621115+07:00 0HMQI0J4VT6RJ:00000001 [INF] No SPA development server running at https://localhost:44450 found. (faa82a70)
2023-05-11T16:47:57.7478041+07:00 0HMQI0J4VT6RJ:00000001 [INF] SPA proxy is not ready. Returning temporary landing page. (72ef90a5)
2023-05-11T16:48:01.6460402+07:00 0HMQI0J4VT6RJ:00000003 [INF] SPA proxy is ready. Redirecting to https://localhost:44450. (8ea0a81a)
2023-05-11T16:48:03.1280950+07:00 0HMQI0J4VT6RJ:00000001 [INF] SPA development server running at 'https://localhost:44450' (88247629)
2023-05-11T16:50:12.5633566+07:00  [INF] Starting Duende IdentityServer version "6.2.1+bda14c367eb8a85f3dae614fa0ac1005bb13dfdc" (".NET 7.0.2") (ae753c2a)
2023-05-11T16:50:12.6486441+07:00  [WRN] You do not have a valid license key for the Duende software. This is allowed for development and testing scenarios. If you are running in production you are required to have a licensed version. Please start a conversation with us: https://duendesoftware.com/contact (c0bcb7a8)
2023-05-11T16:50:12.6567447+07:00  [INF] You are using the in-memory version of the persisted grant store. This will store consent decisions, authorization codes, refresh and reference tokens in memory only. If you are using any of those features in production, you want to switch to a different store implementation. (553c312b)
2023-05-11T16:50:12.6666611+07:00  [INF] Using the default authentication scheme "Bearer" for IdentityServer (4a54f457)
2023-05-11T16:50:12.6725640+07:00  [INF] Authentication scheme "Bearer" is configured for IdentityServer, but it is not a scheme that supports signin (like cookies). If you support interactive logins via the browser, then a cookie-based scheme should be used. (70b7fc41)
2023-05-11T16:50:13.1561409+07:00  [INF] Now listening on: "https://localhost:44350" (d826f4b8)
2023-05-11T16:50:13.1576022+07:00  [INF] Now listening on: "http://localhost:5050" (d826f4b8)
2023-05-11T16:50:13.1594940+07:00  [INF] Application started. Press Ctrl+C to shut down. (dcaefe54)
2023-05-11T16:50:13.1611640+07:00  [INF] Hosting environment: "Development" (bc5a1a4e)
2023-05-11T16:50:13.1630586+07:00  [INF] Content root path: "D:\ProjectReact\CSB_NUMBER_TWO\React_CanhSatBien\QuickApp" (cc26f24e)
2023-05-11T16:50:18.2731802+07:00 0HMQI0KF04IHF:00000001 [INF] No SPA development server running at https://localhost:44450 found. (faa82a70)
2023-05-11T16:50:18.4399873+07:00 0HMQI0KF04IHF:00000001 [INF] SPA proxy is not ready. Returning temporary landing page. (72ef90a5)
2023-05-11T16:50:21.6543925+07:00 0HMQI0KF04IHF:00000003 [INF] SPA proxy is ready. Redirecting to https://localhost:44450. (8ea0a81a)
2023-05-11T16:50:23.5781305+07:00 0HMQI0KF04IHF:00000001 [INF] SPA development server running at 'https://localhost:44450' (88247629)
